# JRE version: Java(TM) SE Runtime Environment (9.0+11) (build 9.0.4+11)
# Java VM: Java HotSpot(TM) 64-Bit Server VM (9.0.4+11, mixed mode, tiered, compressed oops, g1 gc, windows-amd64)
Heap:
 garbage-first heap   total 197632K, used 101637K [0x0000000700000000, 0x0000000700100608, 0x00000007c0000000)
  region size 1024K, 43 young (44032K), 1 survivors (1024K)
 Metaspace       used 77485K, capacity 78919K, committed 85424K, reserved 1122304K
  class space    used 10069K, capacity 10386K, committed 11696K, reserved 1048576K
GC Heap History (10 events):
Event: 9270.133 GC heap before
{Heap before GC invocations=362 (full 197):
 garbage-first heap   total 198656K, used 128861K [0x0000000700000000, 0x0000000700100610, 0x00000007c0000000)
  region size 1024K, 60 young (61440K), 1 survivors (1024K)
 Metaspace       used 77457K, capacity 78855K, committed 85424K, reserved 1122304K
  class space    used 10069K, capacity 10386K, committed 11696K, reserved 1048576K
}
Event: 9270.144 GC heap after
{Heap after GC invocations=363 (full 197):
 garbage-first heap   total 198656K, used 68551K [0x0000000700000000, 0x0000000700100610, 0x00000007c0000000)
  region size 1024K, 1 young (1024K), 1 survivors (1024K)
 Metaspace       used 77457K, capacity 78855K, committed 85424K, reserved 1122304K
  class space    used 10069K, capacity 10386K, committed 11696K, reserved 1048576K
}
Event: 9538.931 GC heap before
{Heap before GC invocations=363 (full 197):
 garbage-first heap   total 198656K, used 128967K [0x0000000700000000, 0x0000000700100610, 0x00000007c0000000)
  region size 1024K, 60 young (61440K), 1 survivors (1024K)
 Metaspace       used 77457K, capacity 78855K, committed 85424K, reserved 1122304K
  class space    used 10069K, capacity 10386K, committed 11696K, reserved 1048576K
}
Event: 9538.936 GC heap after
{Heap after GC invocations=364 (full 197):
 garbage-first heap   total 198656K, used 68560K [0x0000000700000000, 0x0000000700100610, 0x00000007c0000000)
  region size 1024K, 1 young (1024K), 1 survivors (1024K)
 Metaspace       used 77457K, capacity 78855K, committed 85424K, reserved 1122304K
  class space    used 10069K, capacity 10386K, committed 11696K, reserved 1048576K
}
Event: 9562.920 GC heap before
{Heap before GC invocations=364 (full 197):
 garbage-first heap   total 198656K, used 73680K [0x0000000700000000, 0x0000000700100610, 0x00000007c0000000)
  region size 1024K, 7 young (7168K), 1 survivors (1024K)
 Metaspace       used 77457K, capacity 78855K, committed 85424K, reserved 1122304K
  class space    used 10069K, capacity 10386K, committed 11696K, reserved 1048576K
}
Event: 9563.139 GC heap after
{Heap after GC invocations=365 (full 198):
 garbage-first heap   total 197632K, used 59048K [0x0000000700000000, 0x0000000700100608, 0x00000007c0000000)
  region size 1024K, 0 young (0K), 0 survivors (0K)
 Metaspace       used 77457K, capacity 78855K, committed 85424K, reserved 1122304K
  class space    used 10069K, capacity 10386K, committed 11696K, reserved 1048576K
}
Event: 9819.567 GC heap before
{Heap before GC invocations=365 (full 198):
 garbage-first heap   total 197632K, used 120488K [0x0000000700000000, 0x0000000700100608, 0x00000007c0000000)
  region size 1024K, 60 young (61440K), 0 survivors (0K)
 Metaspace       used 77459K, capacity 78855K, committed 85424K, reserved 1122304K
  class space    used 10069K, capacity 10386K, committed 11696K, reserved 1048576K
}
Event: 9819.577 GC heap after
{Heap after GC invocations=366 (full 198):
 garbage-first heap   total 197632K, used 59594K [0x0000000700000000, 0x0000000700100608, 0x00000007c0000000)
  region size 1024K, 1 young (1024K), 1 survivors (1024K)
 Metaspace       used 77459K, capacity 78855K, committed 85424K, reserved 1122304K
  class space    used 10069K, capacity 10386K, committed 11696K, reserved 1048576K
}
Event: 9896.188 GC heap before
{Heap before GC invocations=366 (full 198):
 garbage-first heap   total 197632K, used 120010K [0x0000000700000000, 0x0000000700100608, 0x00000007c0000000)
  region size 1024K, 60 young (61440K), 1 survivors (1024K)
 Metaspace       used 77485K, capacity 78919K, committed 85424K, reserved 1122304K
  class space    used 10069K, capacity 10386K, committed 11696K, reserved 1048576K
}
Event: 9896.191 GC heap after
{Heap after GC invocations=367 (full 198):
 garbage-first heap   total 197632K, used 59653K [0x0000000700000000, 0x0000000700100608, 0x00000007c0000000)
  region size 1024K, 1 young (1024K), 1 survivors (1024K)
 Metaspace       used 77485K, capacity 78919K, committed 85424K, reserved 1122304K
  class space    used 10069K, capacity 10386K, committed 11696K, reserved 1048576K
}

