# JRE version: Java(TM) SE Runtime Environment (9.0+11) (build 9.0.4+11)
# Java VM: Java HotSpot(TM) 64-Bit Server VM (9.0.4+11, mixed mode, tiered, compressed oops, g1 gc, windows-amd64)
Heap:
 garbage-first heap   total 254976K, used 133125K [0x0000000700000000, 0x00000007001007c8, 0x00000007c0000000)
  region size 1024K, 52 young (53248K), 1 survivors (1024K)
 Metaspace       used 83876K, capacity 85837K, committed 92080K, reserved 1128448K
  class space    used 10722K, capacity 11145K, committed 12464K, reserved 1048576K
GC Heap History (10 events):
Event: 144871.176 GC heap before
{Heap before GC invocations=1827 (full 726):
 garbage-first heap   total 254976K, used 141885K [0x0000000700000000, 0x00000007001007c8, 0x00000007c0000000)
  region size 1024K, 60 young (61440K), 1 survivors (1024K)
 Metaspace       used 83757K, capacity 85709K, committed 92080K, reserved 1128448K
  class space    used 10710K, capacity 11131K, committed 12464K, reserved 1048576K
}
Event: 144871.178 GC heap after
{Heap after GC invocations=1828 (full 726):
 garbage-first heap   total 254976K, used 81666K [0x0000000700000000, 0x00000007001007c8, 0x00000007c0000000)
  region size 1024K, 1 young (1024K), 1 survivors (1024K)
 Metaspace       used 83757K, capacity 85709K, committed 92080K, reserved 1128448K
  class space    used 10710K, capacity 11131K, committed 12464K, reserved 1048576K
}
Event: 144887.432 GC heap before
{Heap before GC invocations=1828 (full 726):
 garbage-first heap   total 254976K, used 142082K [0x0000000700000000, 0x00000007001007c8, 0x00000007c0000000)
  region size 1024K, 60 young (61440K), 1 survivors (1024K)
 Metaspace       used 83806K, capacity 85773K, committed 92080K, reserved 1128448K
  class space    used 10714K, capacity 11131K, committed 12464K, reserved 1048576K
}
Event: 144887.433 GC heap after
{Heap after GC invocations=1829 (full 726):
 garbage-first heap   total 254976K, used 81690K [0x0000000700000000, 0x00000007001007c8, 0x00000007c0000000)
  region size 1024K, 1 young (1024K), 1 survivors (1024K)
 Metaspace       used 83806K, capacity 85773K, committed 92080K, reserved 1128448K
  class space    used 10714K, capacity 11131K, committed 12464K, reserved 1048576K
}
Event: 144943.112 GC heap before
{Heap before GC invocations=1829 (full 726):
 garbage-first heap   total 254976K, used 142106K [0x0000000700000000, 0x00000007001007c8, 0x00000007c0000000)
  region size 1024K, 60 young (61440K), 1 survivors (1024K)
 Metaspace       used 83844K, capacity 85831K, committed 92080K, reserved 1128448K
  class space    used 10722K, capacity 11144K, committed 12464K, reserved 1048576K
}
Event: 144943.114 GC heap after
{Heap after GC invocations=1830 (full 726):
 garbage-first heap   total 254976K, used 81651K [0x0000000700000000, 0x00000007001007c8, 0x00000007c0000000)
  region size 1024K, 1 young (1024K), 1 survivors (1024K)
 Metaspace       used 83844K, capacity 85831K, committed 92080K, reserved 1128448K
  class space    used 10722K, capacity 11144K, committed 12464K, reserved 1048576K
}
Event: 144981.820 GC heap before
{Heap before GC invocations=1830 (full 726):
 garbage-first heap   total 254976K, used 142067K [0x0000000700000000, 0x00000007001007c8, 0x00000007c0000000)
  region size 1024K, 60 young (61440K), 1 survivors (1024K)
 Metaspace       used 83867K, capacity 85837K, committed 92080K, reserved 1128448K
  class space    used 10722K, capacity 11145K, committed 12464K, reserved 1048576K
}
Event: 144981.822 GC heap after
{Heap after GC invocations=1831 (full 726):
 garbage-first heap   total 254976K, used 81905K [0x0000000700000000, 0x00000007001007c8, 0x00000007c0000000)
  region size 1024K, 1 young (1024K), 1 survivors (1024K)
 Metaspace       used 83867K, capacity 85837K, committed 92080K, reserved 1128448K
  class space    used 10722K, capacity 11145K, committed 12464K, reserved 1048576K
}
Event: 144981.949 GC heap before
{Heap before GC invocations=1831 (full 726):
 garbage-first heap   total 254976K, used 142321K [0x0000000700000000, 0x00000007001007c8, 0x00000007c0000000)
  region size 1024K, 60 young (61440K), 1 survivors (1024K)
 Metaspace       used 83867K, capacity 85837K, committed 92080K, reserved 1128448K
  class space    used 10722K, capacity 11145K, committed 12464K, reserved 1048576K
}
Event: 144981.951 GC heap after
{Heap after GC invocations=1832 (full 726):
 garbage-first heap   total 254976K, used 81925K [0x0000000700000000, 0x00000007001007c8, 0x00000007c0000000)
  region size 1024K, 1 young (1024K), 1 survivors (1024K)
 Metaspace       used 83867K, capacity 85837K, committed 92080K, reserved 1128448K
  class space    used 10722K, capacity 11145K, committed 12464K, reserved 1048576K
}

