# JRE version: Java(TM) SE Runtime Environment (9.0+11) (build 9.0.4+11)
# Java VM: Java HotSpot(TM) 64-Bit Server VM (9.0.4+11, mixed mode, tiered, compressed oops, g1 gc, windows-amd64)
Heap:
 garbage-first heap   total 209920K, used 75005K [0x0000000700000000, 0x0000000700100668, 0x00000007c0000000)
  region size 1024K, 11 young (11264K), 1 survivors (1024K)
 Metaspace       used 80635K, capacity 86197K, committed 86320K, reserved 1124352K
  class space    used 10812K, capacity 11781K, committed 11824K, reserved 1048576K
GC Heap History (10 events):
Event: 1678.481 GC heap before
{Heap before GC invocations=393 (full 225):
 garbage-first heap   total 209920K, used 125971K [0x0000000700000000, 0x0000000700100668, 0x00000007c0000000)
  region size 1024K, 60 young (61440K), 1 survivors (1024K)
 Metaspace       used 80597K, capacity 86133K, committed 86320K, reserved 1124352K
  class space    used 10812K, capacity 11781K, committed 11824K, reserved 1048576K
}
Event: 1678.483 GC heap after
{Heap after GC invocations=394 (full 225):
 garbage-first heap   total 209920K, used 66306K [0x0000000700000000, 0x0000000700100668, 0x00000007c0000000)
  region size 1024K, 2 young (2048K), 2 survivors (2048K)
 Metaspace       used 80597K, capacity 86133K, committed 86320K, reserved 1124352K
  class space    used 10812K, capacity 11781K, committed 11824K, reserved 1048576K
}
Event: 1678.631 GC heap before
{Heap before GC invocations=394 (full 225):
 garbage-first heap   total 209920K, used 125698K [0x0000000700000000, 0x0000000700100668, 0x00000007c0000000)
  region size 1024K, 60 young (61440K), 2 survivors (2048K)
 Metaspace       used 80600K, capacity 86133K, committed 86320K, reserved 1124352K
  class space    used 10812K, capacity 11781K, committed 11824K, reserved 1048576K
}
Event: 1678.632 GC heap after
{Heap after GC invocations=395 (full 225):
 garbage-first heap   total 209920K, used 65608K [0x0000000700000000, 0x0000000700100668, 0x00000007c0000000)
  region size 1024K, 1 young (1024K), 1 survivors (1024K)
 Metaspace       used 80600K, capacity 86133K, committed 86320K, reserved 1124352K
  class space    used 10812K, capacity 11781K, committed 11824K, reserved 1048576K
}
Event: 1680.592 GC heap before
{Heap before GC invocations=395 (full 225):
 garbage-first heap   total 209920K, used 126024K [0x0000000700000000, 0x0000000700100668, 0x00000007c0000000)
  region size 1024K, 60 young (61440K), 1 survivors (1024K)
 Metaspace       used 80625K, capacity 86197K, committed 86320K, reserved 1124352K
  class space    used 10812K, capacity 11781K, committed 11824K, reserved 1048576K
}
Event: 1680.594 GC heap after
{Heap after GC invocations=396 (full 225):
 garbage-first heap   total 209920K, used 65649K [0x0000000700000000, 0x0000000700100668, 0x00000007c0000000)
  region size 1024K, 1 young (1024K), 1 survivors (1024K)
 Metaspace       used 80625K, capacity 86197K, committed 86320K, reserved 1124352K
  class space    used 10812K, capacity 11781K, committed 11824K, reserved 1048576K
}
Event: 1682.522 GC heap before
{Heap before GC invocations=396 (full 225):
 garbage-first heap   total 209920K, used 126065K [0x0000000700000000, 0x0000000700100668, 0x00000007c0000000)
  region size 1024K, 60 young (61440K), 1 survivors (1024K)
 Metaspace       used 80630K, capacity 86197K, committed 86320K, reserved 1124352K
  class space    used 10812K, capacity 11781K, committed 11824K, reserved 1048576K
}
Event: 1682.523 GC heap after
{Heap after GC invocations=397 (full 225):
 garbage-first heap   total 209920K, used 65709K [0x0000000700000000, 0x0000000700100668, 0x00000007c0000000)
  region size 1024K, 1 young (1024K), 1 survivors (1024K)
 Metaspace       used 80630K, capacity 86197K, committed 86320K, reserved 1124352K
  class space    used 10812K, capacity 11781K, committed 11824K, reserved 1048576K
}
Event: 1684.466 GC heap before
{Heap before GC invocations=397 (full 225):
 garbage-first heap   total 209920K, used 126125K [0x0000000700000000, 0x0000000700100668, 0x00000007c0000000)
  region size 1024K, 60 young (61440K), 1 survivors (1024K)
 Metaspace       used 80635K, capacity 86197K, committed 86320K, reserved 1124352K
  class space    used 10812K, capacity 11781K, committed 11824K, reserved 1048576K
}
Event: 1684.468 GC heap after
{Heap after GC invocations=398 (full 225):
 garbage-first heap   total 209920K, used 65789K [0x0000000700000000, 0x0000000700100668, 0x00000007c0000000)
  region size 1024K, 1 young (1024K), 1 survivors (1024K)
 Metaspace       used 80635K, capacity 86197K, committed 86320K, reserved 1124352K
  class space    used 10812K, capacity 11781K, committed 11824K, reserved 1048576K
}

