# JRE version: Java(TM) SE Runtime Environment (9.0+11) (build 9.0.4+11)
# Java VM: Java HotSpot(TM) 64-Bit Server VM (9.0.4+11, mixed mode, tiered, compressed oops, g1 gc, windows-amd64)
Heap:
 garbage-first heap   total 131072K, used 116243K [0x0000000700000000, 0x0000000700100400, 0x00000007c0000000)
  region size 1024K, 50 young (51200K), 1 survivors (1024K)
 Metaspace       used 80754K, capacity 86463K, committed 86684K, reserved 1124352K
  class space    used 11177K, capacity 12176K, committed 12284K, reserved 1048576K
GC Heap History (10 events):
Event: 317.040 GC heap before
{Heap before GC invocations=94 (full 6):
 garbage-first heap   total 131072K, used 127250K [0x0000000700000000, 0x0000000700100400, 0x00000007c0000000)
  region size 1024K, 60 young (61440K), 1 survivors (1024K)
 Metaspace       used 80555K, capacity 86271K, committed 86684K, reserved 1124352K
  class space    used 11169K, capacity 12176K, committed 12284K, reserved 1048576K
}
Event: 317.042 GC heap after
{Heap after GC invocations=95 (full 6):
 garbage-first heap   total 131072K, used 66983K [0x0000000700000000, 0x0000000700100400, 0x00000007c0000000)
  region size 1024K, 1 young (1024K), 1 survivors (1024K)
 Metaspace       used 80555K, capacity 86271K, committed 86684K, reserved 1124352K
  class space    used 11169K, capacity 12176K, committed 12284K, reserved 1048576K
}
Event: 318.809 GC heap before
{Heap before GC invocations=96 (full 6):
 garbage-first heap   total 131072K, used 127399K [0x0000000700000000, 0x0000000700100400, 0x00000007c0000000)
  region size 1024K, 61 young (62464K), 1 survivors (1024K)
 Metaspace       used 80592K, capacity 86271K, committed 86684K, reserved 1124352K
  class space    used 11169K, capacity 12176K, committed 12284K, reserved 1048576K
}
Event: 318.811 GC heap after
{Heap after GC invocations=97 (full 6):
 garbage-first heap   total 131072K, used 67112K [0x0000000700000000, 0x0000000700100400, 0x00000007c0000000)
  region size 1024K, 1 young (1024K), 1 survivors (1024K)
 Metaspace       used 80592K, capacity 86271K, committed 86684K, reserved 1124352K
  class space    used 11169K, capacity 12176K, committed 12284K, reserved 1048576K
}
Event: 323.764 GC heap before
{Heap before GC invocations=97 (full 6):
 garbage-first heap   total 131072K, used 127528K [0x0000000700000000, 0x0000000700100400, 0x00000007c0000000)
  region size 1024K, 60 young (61440K), 1 survivors (1024K)
 Metaspace       used 80629K, capacity 86335K, committed 86684K, reserved 1124352K
  class space    used 11169K, capacity 12176K, committed 12284K, reserved 1048576K
}
Event: 323.766 GC heap after
{Heap after GC invocations=98 (full 6):
 garbage-first heap   total 131072K, used 67127K [0x0000000700000000, 0x0000000700100400, 0x00000007c0000000)
  region size 1024K, 1 young (1024K), 1 survivors (1024K)
 Metaspace       used 80629K, capacity 86335K, committed 86684K, reserved 1124352K
  class space    used 11169K, capacity 12176K, committed 12284K, reserved 1048576K
}
Event: 324.184 GC heap before
{Heap before GC invocations=99 (full 6):
 garbage-first heap   total 131072K, used 70199K [0x0000000700000000, 0x0000000700100400, 0x00000007c0000000)
  region size 1024K, 5 young (5120K), 1 survivors (1024K)
 Metaspace       used 80647K, capacity 86335K, committed 86684K, reserved 1124352K
  class space    used 11169K, capacity 12176K, committed 12284K, reserved 1048576K
}
Event: 324.304 GC heap after
{Heap after GC invocations=100 (full 7):
 garbage-first heap   total 131072K, used 66749K [0x0000000700000000, 0x0000000700100400, 0x00000007c0000000)
  region size 1024K, 0 young (0K), 0 survivors (0K)
 Metaspace       used 80647K, capacity 86335K, committed 86684K, reserved 1124352K
  class space    used 11169K, capacity 12176K, committed 12284K, reserved 1048576K
}
Event: 327.477 GC heap before
{Heap before GC invocations=100 (full 7):
 garbage-first heap   total 131072K, used 128189K [0x0000000700000000, 0x0000000700100400, 0x00000007c0000000)
  region size 1024K, 60 young (61440K), 0 survivors (0K)
 Metaspace       used 80667K, capacity 86399K, committed 86684K, reserved 1124352K
  class space    used 11169K, capacity 12176K, committed 12284K, reserved 1048576K
}
Event: 327.479 GC heap after
{Heap after GC invocations=101 (full 7):
 garbage-first heap   total 131072K, used 67091K [0x0000000700000000, 0x0000000700100400, 0x00000007c0000000)
  region size 1024K, 1 young (1024K), 1 survivors (1024K)
 Metaspace       used 80667K, capacity 86399K, committed 86684K, reserved 1124352K
  class space    used 11169K, capacity 12176K, committed 12284K, reserved 1048576K
}

