# JRE version: Java(TM) SE Runtime Environment (9.0+11) (build 9.0.4+11)
# Java VM: Java HotSpot(TM) 64-Bit Server VM (9.0.4+11, mixed mode, tiered, compressed oops, g1 gc, windows-amd64)
Heap:
 garbage-first heap   total 189440K, used 77179K [0x0000000700000000, 0x00000007001005c8, 0x00000007c0000000)
  region size 1024K, 11 young (11264K), 1 survivors (1024K)
 Metaspace       used 81324K, capacity 87209K, committed 87344K, reserved 1124352K
  class space    used 11190K, capacity 12215K, committed 12336K, reserved 1048576K
GC Heap History (10 events):
Event: 598.642 GC heap before
{Heap before GC invocations=119 (full 21):
 garbage-first heap   total 189440K, used 127882K [0x0000000700000000, 0x00000007001005c8, 0x00000007c0000000)
  region size 1024K, 60 young (61440K), 1 survivors (1024K)
 Metaspace       used 81291K, capacity 87209K, committed 87344K, reserved 1124352K
  class space    used 11189K, capacity 12215K, committed 12336K, reserved 1048576K
}
Event: 598.645 GC heap after
{Heap after GC invocations=120 (full 21):
 garbage-first heap   total 189440K, used 67985K [0x0000000700000000, 0x00000007001005c8, 0x00000007c0000000)
  region size 1024K, 2 young (2048K), 2 survivors (2048K)
 Metaspace       used 81291K, capacity 87209K, committed 87344K, reserved 1124352K
  class space    used 11189K, capacity 12215K, committed 12336K, reserved 1048576K
}
Event: 600.652 GC heap before
{Heap before GC invocations=120 (full 21):
 garbage-first heap   total 189440K, used 127377K [0x0000000700000000, 0x00000007001005c8, 0x00000007c0000000)
  region size 1024K, 60 young (61440K), 2 survivors (2048K)
 Metaspace       used 81294K, capacity 87209K, committed 87344K, reserved 1124352K
  class space    used 11189K, capacity 12215K, committed 12336K, reserved 1048576K
}
Event: 600.661 GC heap after
{Heap after GC invocations=121 (full 21):
 garbage-first heap   total 189440K, used 68036K [0x0000000700000000, 0x00000007001005c8, 0x00000007c0000000)
  region size 1024K, 2 young (2048K), 2 survivors (2048K)
 Metaspace       used 81294K, capacity 87209K, committed 87344K, reserved 1124352K
  class space    used 11189K, capacity 12215K, committed 12336K, reserved 1048576K
}
Event: 600.977 GC heap before
{Heap before GC invocations=121 (full 21):
 garbage-first heap   total 189440K, used 127428K [0x0000000700000000, 0x00000007001005c8, 0x00000007c0000000)
  region size 1024K, 60 young (61440K), 2 survivors (2048K)
 Metaspace       used 81296K, capacity 87209K, committed 87344K, reserved 1124352K
  class space    used 11189K, capacity 12215K, committed 12336K, reserved 1048576K
}
Event: 600.980 GC heap after
{Heap after GC invocations=122 (full 21):
 garbage-first heap   total 189440K, used 67659K [0x0000000700000000, 0x00000007001005c8, 0x00000007c0000000)
  region size 1024K, 1 young (1024K), 1 survivors (1024K)
 Metaspace       used 81296K, capacity 87209K, committed 87344K, reserved 1124352K
  class space    used 11189K, capacity 12215K, committed 12336K, reserved 1048576K
}
Event: 604.740 GC heap before
{Heap before GC invocations=122 (full 21):
 garbage-first heap   total 189440K, used 128075K [0x0000000700000000, 0x00000007001005c8, 0x00000007c0000000)
  region size 1024K, 60 young (61440K), 1 survivors (1024K)
 Metaspace       used 81312K, capacity 87209K, committed 87344K, reserved 1124352K
  class space    used 11190K, capacity 12215K, committed 12336K, reserved 1048576K
}
Event: 604.744 GC heap after
{Heap after GC invocations=123 (full 21):
 garbage-first heap   total 189440K, used 67764K [0x0000000700000000, 0x00000007001005c8, 0x00000007c0000000)
  region size 1024K, 1 young (1024K), 1 survivors (1024K)
 Metaspace       used 81312K, capacity 87209K, committed 87344K, reserved 1124352K
  class space    used 11190K, capacity 12215K, committed 12336K, reserved 1048576K
}
Event: 607.346 GC heap before
{Heap before GC invocations=123 (full 21):
 garbage-first heap   total 189440K, used 128180K [0x0000000700000000, 0x00000007001005c8, 0x00000007c0000000)
  region size 1024K, 60 young (61440K), 1 survivors (1024K)
 Metaspace       used 81323K, capacity 87209K, committed 87344K, reserved 1124352K
  class space    used 11190K, capacity 12215K, committed 12336K, reserved 1048576K
}
Event: 607.351 GC heap after
{Heap after GC invocations=124 (full 21):
 garbage-first heap   total 189440K, used 67963K [0x0000000700000000, 0x00000007001005c8, 0x00000007c0000000)
  region size 1024K, 1 young (1024K), 1 survivors (1024K)
 Metaspace       used 81323K, capacity 87209K, committed 87344K, reserved 1124352K
  class space    used 11190K, capacity 12215K, committed 12336K, reserved 1048576K
}

