# JRE version: Java(TM) SE Runtime Environment (9.0+11) (build 9.0.4+11)
# Java VM: Java HotSpot(TM) 64-Bit Server VM (9.0.4+11, mixed mode, tiered, compressed oops, g1 gc, windows-amd64)
Heap:
 garbage-first heap   total 229376K, used 95732K [0x0000000700000000, 0x0000000700100700, 0x00000007c0000000)
  region size 1024K, 21 young (21504K), 1 survivors (1024K)
 Metaspace       used 82917K, capacity 89083K, committed 89392K, reserved 1126400K
  class space    used 11210K, capacity 12284K, committed 12336K, reserved 1048576K
GC Heap History (10 events):
Event: 2380.672 GC heap before
{Heap before GC invocations=570 (full 341):
 garbage-first heap   total 229376K, used 132503K [0x0000000700000000, 0x0000000700100700, 0x00000007c0000000)
  region size 1024K, 60 young (61440K), 1 survivors (1024K)
 Metaspace       used 82828K, capacity 89019K, committed 89136K, reserved 1126400K
  class space    used 11210K, capacity 12284K, committed 12336K, reserved 1048576K
}
Event: 2380.674 GC heap after
{Heap after GC invocations=571 (full 341):
 garbage-first heap   total 229376K, used 72293K [0x0000000700000000, 0x0000000700100700, 0x00000007c0000000)
  region size 1024K, 2 young (2048K), 2 survivors (2048K)
 Metaspace       used 82828K, capacity 89019K, committed 89136K, reserved 1126400K
  class space    used 11210K, capacity 12284K, committed 12336K, reserved 1048576K
}
Event: 2388.356 GC heap before
{Heap before GC invocations=571 (full 341):
 garbage-first heap   total 229376K, used 116325K [0x0000000700000000, 0x0000000700100700, 0x00000007c0000000)
  region size 1024K, 42 young (43008K), 2 survivors (2048K)
 Metaspace       used 82854K, capacity 89083K, committed 89392K, reserved 1126400K
  class space    used 11210K, capacity 12284K, committed 12336K, reserved 1048576K
}
Event: 2388.489 GC heap after
{Heap after GC invocations=572 (full 342):
 garbage-first heap   total 229376K, used 71621K [0x0000000700000000, 0x0000000700100700, 0x00000007c0000000)
  region size 1024K, 0 young (0K), 0 survivors (0K)
 Metaspace       used 82854K, capacity 89083K, committed 89392K, reserved 1126400K
  class space    used 11210K, capacity 12284K, committed 12336K, reserved 1048576K
}
Event: 2401.851 GC heap before
{Heap before GC invocations=572 (full 342):
 garbage-first heap   total 229376K, used 118725K [0x0000000700000000, 0x0000000700100700, 0x00000007c0000000)
  region size 1024K, 43 young (44032K), 0 survivors (0K)
 Metaspace       used 82861K, capacity 89083K, committed 89392K, reserved 1126400K
  class space    used 11210K, capacity 12284K, committed 12336K, reserved 1048576K
}
Event: 2401.980 GC heap after
{Heap after GC invocations=573 (full 343):
 garbage-first heap   total 229376K, used 71471K [0x0000000700000000, 0x0000000700100700, 0x00000007c0000000)
  region size 1024K, 0 young (0K), 0 survivors (0K)
 Metaspace       used 82861K, capacity 89083K, committed 89392K, reserved 1126400K
  class space    used 11210K, capacity 12284K, committed 12336K, reserved 1048576K
}
Event: 2426.103 GC heap before
{Heap before GC invocations=573 (full 343):
 garbage-first heap   total 229376K, used 137007K [0x0000000700000000, 0x0000000700100700, 0x00000007c0000000)
  region size 1024K, 60 young (61440K), 0 survivors (0K)
 Metaspace       used 82908K, capacity 89083K, committed 89392K, reserved 1126400K
  class space    used 11210K, capacity 12284K, committed 12336K, reserved 1048576K
}
Event: 2426.104 GC heap after
{Heap after GC invocations=574 (full 343):
 garbage-first heap   total 229376K, used 76521K [0x0000000700000000, 0x0000000700100700, 0x00000007c0000000)
  region size 1024K, 1 young (1024K), 1 survivors (1024K)
 Metaspace       used 82908K, capacity 89083K, committed 89392K, reserved 1126400K
  class space    used 11210K, capacity 12284K, committed 12336K, reserved 1048576K
}
Event: 2428.386 GC heap before
{Heap before GC invocations=574 (full 343):
 garbage-first heap   total 229376K, used 136937K [0x0000000700000000, 0x0000000700100700, 0x00000007c0000000)
  region size 1024K, 60 young (61440K), 1 survivors (1024K)
 Metaspace       used 82917K, capacity 89083K, committed 89392K, reserved 1126400K
  class space    used 11210K, capacity 12284K, committed 12336K, reserved 1048576K
}
Event: 2428.387 GC heap after
{Heap after GC invocations=575 (full 343):
 garbage-first heap   total 229376K, used 76276K [0x0000000700000000, 0x0000000700100700, 0x00000007c0000000)
  region size 1024K, 1 young (1024K), 1 survivors (1024K)
 Metaspace       used 82917K, capacity 89083K, committed 89392K, reserved 1126400K
  class space    used 11210K, capacity 12284K, committed 12336K, reserved 1048576K
}

