# JRE version: Java(TM) SE Runtime Environment (9.0+11) (build 9.0.4+11)
# Java VM: Java HotSpot(TM) 64-Bit Server VM (9.0.4+11, mixed mode, tiered, compressed oops, g1 gc, windows-amd64)
Heap:
 garbage-first heap   total 200704K, used 66091K [0x0000000700000000, 0x0000000700100620, 0x00000007c0000000)
  region size 1024K, 2 young (2048K), 1 survivors (1024K)
 Metaspace       used 79884K, capacity 85471K, committed 85680K, reserved 1122304K
  class space    used 10855K, capacity 11840K, committed 11952K, reserved 1048576K
GC Heap History (10 events):
Event: 683.317 GC heap before
{Heap before GC invocations=163 (full 70):
 garbage-first heap   total 200704K, used 126076K [0x0000000700000000, 0x0000000700100620, 0x00000007c0000000)
  region size 1024K, 60 young (61440K), 1 survivors (1024K)
 Metaspace       used 79811K, capacity 85401K, committed 85680K, reserved 1122304K
  class space    used 10855K, capacity 11839K, committed 11952K, reserved 1048576K
}
Event: 683.320 GC heap after
{Heap after GC invocations=164 (full 70):
 garbage-first heap   total 200704K, used 65826K [0x0000000700000000, 0x0000000700100620, 0x00000007c0000000)
  region size 1024K, 1 young (1024K), 1 survivors (1024K)
 Metaspace       used 79811K, capacity 85401K, committed 85680K, reserved 1122304K
  class space    used 10855K, capacity 11839K, committed 11952K, reserved 1048576K
}
Event: 683.418 GC heap before
{Heap before GC invocations=164 (full 70):
 garbage-first heap   total 200704K, used 78114K [0x0000000700000000, 0x0000000700100620, 0x00000007c0000000)
  region size 1024K, 14 young (14336K), 1 survivors (1024K)
 Metaspace       used 79811K, capacity 85401K, committed 85680K, reserved 1122304K
  class space    used 10855K, capacity 11839K, committed 11952K, reserved 1048576K
}
Event: 683.604 GC heap after
{Heap after GC invocations=165 (full 71):
 garbage-first heap   total 200704K, used 65454K [0x0000000700000000, 0x0000000700100620, 0x00000007c0000000)
  region size 1024K, 0 young (0K), 0 survivors (0K)
 Metaspace       used 79811K, capacity 85401K, committed 85680K, reserved 1122304K
  class space    used 10855K, capacity 11839K, committed 11952K, reserved 1048576K
}
Event: 689.443 GC heap before
{Heap before GC invocations=165 (full 71):
 garbage-first heap   total 200704K, used 110510K [0x0000000700000000, 0x0000000700100620, 0x00000007c0000000)
  region size 1024K, 45 young (46080K), 0 survivors (0K)
 Metaspace       used 79835K, capacity 85465K, committed 85680K, reserved 1122304K
  class space    used 10855K, capacity 11839K, committed 11952K, reserved 1048576K
}
Event: 689.665 GC heap after
{Heap after GC invocations=166 (full 72):
 garbage-first heap   total 200704K, used 65509K [0x0000000700000000, 0x0000000700100620, 0x00000007c0000000)
  region size 1024K, 0 young (0K), 0 survivors (0K)
 Metaspace       used 79835K, capacity 85465K, committed 85680K, reserved 1122304K
  class space    used 10855K, capacity 11839K, committed 11952K, reserved 1048576K
}
Event: 749.320 GC heap before
{Heap before GC invocations=166 (full 72):
 garbage-first heap   total 200704K, used 126949K [0x0000000700000000, 0x0000000700100620, 0x00000007c0000000)
  region size 1024K, 60 young (61440K), 0 survivors (0K)
 Metaspace       used 79859K, capacity 85465K, committed 85680K, reserved 1122304K
  class space    used 10855K, capacity 11839K, committed 11952K, reserved 1048576K
}
Event: 749.323 GC heap after
{Heap after GC invocations=167 (full 72):
 garbage-first heap   total 200704K, used 66019K [0x0000000700000000, 0x0000000700100620, 0x00000007c0000000)
  region size 1024K, 1 young (1024K), 1 survivors (1024K)
 Metaspace       used 79859K, capacity 85465K, committed 85680K, reserved 1122304K
  class space    used 10855K, capacity 11839K, committed 11952K, reserved 1048576K
}
Event: 750.316 GC heap before
{Heap before GC invocations=167 (full 72):
 garbage-first heap   total 200704K, used 126435K [0x0000000700000000, 0x0000000700100620, 0x00000007c0000000)
  region size 1024K, 60 young (61440K), 1 survivors (1024K)
 Metaspace       used 79878K, capacity 85471K, committed 85680K, reserved 1122304K
  class space    used 10855K, capacity 11840K, committed 11952K, reserved 1048576K
}
Event: 750.319 GC heap after
{Heap after GC invocations=168 (full 72):
 garbage-first heap   total 200704K, used 65934K [0x0000000700000000, 0x0000000700100620, 0x00000007c0000000)
  region size 1024K, 1 young (1024K), 1 survivors (1024K)
 Metaspace       used 79878K, capacity 85471K, committed 85680K, reserved 1122304K
  class space    used 10855K, capacity 11840K, committed 11952K, reserved 1048576K
}

