# JRE version: Java(TM) SE Runtime Environment (9.0+11) (build 9.0.4+11)
# Java VM: Java HotSpot(TM) 64-Bit Server VM (9.0.4+11, mixed mode, tiered, compressed oops, g1 gc, windows-amd64)
Heap:
 garbage-first heap   total 223232K, used 99311K [0x0000000700000000, 0x00000007001006d0, 0x00000007c0000000)
  region size 1024K, 33 young (33792K), 1 survivors (1024K)
 Metaspace       used 82440K, capacity 83973K, committed 91312K, reserved 1128448K
  class space    used 10592K, capacity 10941K, committed 12464K, reserved 1048576K
GC Heap History (10 events):
Event: 46652.895 GC heap before
{Heap before GC invocations=1879 (full 1027):
 garbage-first heap   total 223232K, used 73078K [0x0000000700000000, 0x00000007001006d0, 0x00000007c0000000)
  region size 1024K, 7 young (7168K), 0 survivors (0K)
 Metaspace       used 82434K, capacity 83973K, committed 91312K, reserved 1128448K
  class space    used 10592K, capacity 10941K, committed 12464K, reserved 1048576K
}
Event: 46653.017 GC heap after
{Heap after GC invocations=1880 (full 1028):
 garbage-first heap   total 223232K, used 67076K [0x0000000700000000, 0x00000007001006d0, 0x00000007c0000000)
  region size 1024K, 0 young (0K), 0 survivors (0K)
 Metaspace       used 82434K, capacity 83973K, committed 91312K, reserved 1128448K
  class space    used 10592K, capacity 10941K, committed 12464K, reserved 1048576K
}
Event: 46670.235 GC heap before
{Heap before GC invocations=1880 (full 1028):
 garbage-first heap   total 223232K, used 78340K [0x0000000700000000, 0x00000007001006d0, 0x00000007c0000000)
  region size 1024K, 12 young (12288K), 0 survivors (0K)
 Metaspace       used 82434K, capacity 83973K, committed 91312K, reserved 1128448K
  class space    used 10592K, capacity 10941K, committed 12464K, reserved 1048576K
}
Event: 46670.357 GC heap after
{Heap after GC invocations=1881 (full 1029):
 garbage-first heap   total 223232K, used 67019K [0x0000000700000000, 0x00000007001006d0, 0x00000007c0000000)
  region size 1024K, 0 young (0K), 0 survivors (0K)
 Metaspace       used 82434K, capacity 83973K, committed 91312K, reserved 1128448K
  class space    used 10592K, capacity 10941K, committed 12464K, reserved 1048576K
}
Event: 46806.232 GC heap before
{Heap before GC invocations=1881 (full 1029):
 garbage-first heap   total 223232K, used 128459K [0x0000000700000000, 0x00000007001006d0, 0x00000007c0000000)
  region size 1024K, 60 young (61440K), 0 survivors (0K)
 Metaspace       used 82437K, capacity 83973K, committed 91312K, reserved 1128448K
  class space    used 10592K, capacity 10941K, committed 12464K, reserved 1048576K
}
Event: 46806.234 GC heap after
{Heap after GC invocations=1882 (full 1029):
 garbage-first heap   total 223232K, used 67496K [0x0000000700000000, 0x00000007001006d0, 0x00000007c0000000)
  region size 1024K, 1 young (1024K), 1 survivors (1024K)
 Metaspace       used 82437K, capacity 83973K, committed 91312K, reserved 1128448K
  class space    used 10592K, capacity 10941K, committed 12464K, reserved 1048576K
}
Event: 46849.443 GC heap before
{Heap before GC invocations=1882 (full 1029):
 garbage-first heap   total 223232K, used 104360K [0x0000000700000000, 0x00000007001006d0, 0x00000007c0000000)
  region size 1024K, 38 young (38912K), 1 survivors (1024K)
 Metaspace       used 82437K, capacity 83973K, committed 91312K, reserved 1128448K
  class space    used 10592K, capacity 10941K, committed 12464K, reserved 1048576K
}
Event: 46849.445 GC heap after
{Heap after GC invocations=1883 (full 1029):
 garbage-first heap   total 223232K, used 67368K [0x0000000700000000, 0x00000007001006d0, 0x00000007c0000000)
  region size 1024K, 1 young (1024K), 1 survivors (1024K)
 Metaspace       used 82437K, capacity 83973K, committed 91312K, reserved 1128448K
  class space    used 10592K, capacity 10941K, committed 12464K, reserved 1048576K
}
Event: 46955.955 GC heap before
{Heap before GC invocations=1883 (full 1029):
 garbage-first heap   total 223232K, used 127784K [0x0000000700000000, 0x00000007001006d0, 0x00000007c0000000)
  region size 1024K, 60 young (61440K), 1 survivors (1024K)
 Metaspace       used 82437K, capacity 83973K, committed 91312K, reserved 1128448K
  class space    used 10592K, capacity 10941K, committed 12464K, reserved 1048576K
}
Event: 46955.958 GC heap after
{Heap after GC invocations=1884 (full 1029):
 garbage-first heap   total 223232K, used 67567K [0x0000000700000000, 0x00000007001006d0, 0x00000007c0000000)
  region size 1024K, 1 young (1024K), 1 survivors (1024K)
 Metaspace       used 82437K, capacity 83973K, committed 91312K, reserved 1128448K
  class space    used 10592K, capacity 10941K, committed 12464K, reserved 1048576K
}

